2016-11-14 17:07:21,308 [Thread-12] ERROR StackTrace  - Full Stack Trace:
java.lang.IllegalArgumentException: Dynamic method is<Artefact>Class(artefactClass) requires a single Class parameter
	at org.codehaus.groovy.grails.commons.DefaultGrailsApplication.invokeMethod(DefaultGrailsApplication.java:631)
	at org.codehaus.groovy.runtime.callsite.PogoMetaClassSite.call(PogoMetaClassSite.java:48)
	at org.codehaus.groovy.runtime.callsite.CallSiteArray.defaultCall(CallSiteArray.java:48)
	at org.codehaus.groovy.runtime.callsite.AbstractCallSite.call(AbstractCallSite.java:113)
	at org.codehaus.groovy.runtime.callsite.AbstractCallSite.call(AbstractCallSite.java:125)
	at ScaffoldingGrailsPlugin$_closure3.doCall(ScaffoldingGrailsPlugin.groovy:103)
	at sun.reflect.NativeMethodAccessorImpl.invoke0(Native Method)
	at sun.reflect.NativeMethodAccessorImpl.invoke(NativeMethodAccessorImpl.java:57)
	at sun.reflect.DelegatingMethodAccessorImpl.invoke(DelegatingMethodAccessorImpl.java:43)
	at java.lang.reflect.Method.invoke(Method.java:606)
	at org.springsource.loaded.ri.ReflectiveInterceptor.jlrMethodInvoke(ReflectiveInterceptor.java:1426)
	at org.codehaus.groovy.reflection.CachedMethod.invoke(CachedMethod.java:93)
	at groovy.lang.MetaMethod.doMethodInvoke(MetaMethod.java:325)
	at groovy.lang.MetaClassImpl.invokeMethod(MetaClassImpl.java:1210)
	at groovy.lang.ExpandoMetaClass.invokeMethod(ExpandoMetaClass.java:1123)
	at groovy.lang.MetaClassImpl.invokeMethod(MetaClassImpl.java:1019)
	at groovy.lang.Closure.call(Closure.java:426)
	at ScaffoldingGrailsPlugin$_closure3.call(ScaffoldingGrailsPlugin.groovy)
	at org.codehaus.groovy.grails.plugins.DefaultGrailsPlugin.invokeOnChangeListener(DefaultGrailsPlugin.java:767)
	at org.codehaus.groovy.grails.plugins.DefaultGrailsPlugin.notifyOfEvent(DefaultGrailsPlugin.java:716)
	at org.codehaus.groovy.grails.plugins.DefaultGrailsPluginManager.informObservers(DefaultGrailsPluginManager.java:242)
	at org.codehaus.groovy.grails.plugins.DefaultGrailsPlugin.notifyOfEvent(DefaultGrailsPlugin.java:732)
	at org.codehaus.groovy.grails.plugins.AbstractGrailsPluginManager.informOfClassChange(AbstractGrailsPluginManager.java:405)
	at org.codehaus.groovy.grails.plugins.AbstractGrailsPluginManager.informOfFileChange(AbstractGrailsPluginManager.java:366)
	at org.codehaus.groovy.grails.project.compiler.GrailsProjectWatcher.informPluginManager(GrailsProjectWatcher.java:226)
	at org.codehaus.groovy.grails.project.compiler.GrailsProjectWatcher.access$400(GrailsProjectWatcher.java:48)
	at org.codehaus.groovy.grails.project.compiler.GrailsProjectWatcher$1.onNew(GrailsProjectWatcher.java:152)
	at org.codehaus.groovy.grails.compiler.AbstractDirectoryWatcher.fireOnNew(AbstractDirectoryWatcher.java:76)
	at org.codehaus.groovy.grails.compiler.WatchServiceDirectoryWatcher.run(WatchServiceDirectoryWatcher.java:104)
	at org.codehaus.groovy.grails.compiler.DirectoryWatcher.run(DirectoryWatcher.java:154)
	at org.codehaus.groovy.grails.project.compiler.GrailsProjectWatcher.run(GrailsProjectWatcher.java:161)
	at java_lang_Runnable$run.call(Unknown Source)
	at org.codehaus.groovy.runtime.callsite.CallSiteArray.defaultCall(CallSiteArray.java:48)
	at org.codehaus.groovy.runtime.callsite.AbstractCallSite.call(AbstractCallSite.java:113)
	at org.codehaus.groovy.runtime.callsite.AbstractCallSite.call(AbstractCallSite.java:117)
	at org.codehaus.groovy.grails.cli.fork.ForkedGrailsProcess.startProjectWatcher(ForkedGrailsProcess.groovy:748)
	at sun.reflect.NativeMethodAccessorImpl.invoke0(Native Method)
	at sun.reflect.NativeMethodAccessorImpl.invoke(NativeMethodAccessorImpl.java:57)
	at sun.reflect.DelegatingMethodAccessorImpl.invoke(DelegatingMethodAccessorImpl.java:43)
	at java.lang.reflect.Method.invoke(Method.java:606)
	at org.springsource.loaded.ri.ReflectiveInterceptor.jlrMethodInvoke(ReflectiveInterceptor.java:1426)
	at org.codehaus.groovy.reflection.CachedMethod.invoke(CachedMethod.java:93)
	at groovy.lang.MetaMethod.doMethodInvoke(MetaMethod.java:325)
	at groovy.lang.MetaClassImpl.invokeMethod(MetaClassImpl.java:1210)
	at groovy.lang.MetaClassImpl.invokeMethod(MetaClassImpl.java:1019)
	at groovy.lang.MetaClassImpl.invokeMethod(MetaClassImpl.java:1155)
	at groovy.lang.ExpandoMetaClass.invokeMethod(ExpandoMetaClass.java:1123)
	at groovy.lang.MetaClassImpl.invokeMethod(MetaClassImpl.java:1019)
	at org.codehaus.groovy.runtime.callsite.PogoMetaClassSite.callCurrent(PogoMetaClassSite.java:69)
	at org.codehaus.groovy.runtime.callsite.CallSiteArray.defaultCallCurrent(CallSiteArray.java:52)
	at org.codehaus.groovy.runtime.callsite.AbstractCallSite.callCurrent(AbstractCallSite.java:154)
	at org.codehaus.groovy.runtime.callsite.AbstractCallSite.callCurrent(AbstractCallSite.java:174)
	at org.codehaus.groovy.grails.cli.fork.ForkedGrailsProcess$_setupReloading_closure17.doCall(ForkedGrailsProcess.groovy:737)
	at org.codehaus.groovy.grails.cli.fork.ForkedGrailsProcess$_setupReloading_closure17.doCall(ForkedGrailsProcess.groovy)
	at sun.reflect.NativeMethodAccessorImpl.invoke0(Native Method)
	at sun.reflect.NativeMethodAccessorImpl.invoke(NativeMethodAccessorImpl.java:57)
	at sun.reflect.DelegatingMethodAccessorImpl.invoke(DelegatingMethodAccessorImpl.java:43)
	at java.lang.reflect.Method.invoke(Method.java:606)
	at org.springsource.loaded.ri.ReflectiveInterceptor.jlrMethodInvoke(ReflectiveInterceptor.java:1426)
	at org.codehaus.groovy.reflection.CachedMethod.invoke(CachedMethod.java:93)
	at groovy.lang.MetaMethod.doMethodInvoke(MetaMethod.java:325)
	at groovy.lang.MetaClassImpl.invokeMethod(MetaClassImpl.java:1210)
	at groovy.lang.ExpandoMetaClass.invokeMethod(ExpandoMetaClass.java:1123)
	at groovy.lang.MetaClassImpl.invokeMethod(MetaClassImpl.java:1019)
	at groovy.lang.Closure.call(Closure.java:426)
	at groovy.lang.Closure.call(Closure.java:420)
	at groovy.lang.Closure.run(Closure.java:507)
	at java.lang.Thread.run(Thread.java:745)
2016-11-14 17:07:21,634 [Thread-12] ERROR StackTrace  - Full Stack Trace:
java.lang.IllegalArgumentException: Dynamic method is<Artefact>Class(artefactClass) requires a single Class parameter
	at ScaffoldingGrailsPlugin$_closure3.doCall(ScaffoldingGrailsPlugin.groovy:103)
	at java.lang.Thread.run(Thread.java:745)
2016-11-14 17:07:21,635 [Thread-12] ERROR StackTrace  - Full Stack Trace:
java.lang.IllegalArgumentException: Dynamic method is<Artefact>Class(artefactClass) requires a single Class parameter
	at ScaffoldingGrailsPlugin$_closure3.doCall(ScaffoldingGrailsPlugin.groovy:103)
	at java.lang.Thread.run(Thread.java:745)
2016-11-14 17:07:21,636 [Thread-12] ERROR StackTrace  - Full Stack Trace:
java.lang.IllegalArgumentException: Dynamic method is<Artefact>Class(artefactClass) requires a single Class parameter
	at ScaffoldingGrailsPlugin$_closure3.doCall(ScaffoldingGrailsPlugin.groovy:103)
	at java.lang.Thread.run(Thread.java:745)
2016-11-14 17:07:38,873 [Thread-12] ERROR StackTrace  - Full Stack Trace:
java.lang.IllegalArgumentException: Dynamic method is<Artefact>Class(artefactClass) requires a single Class parameter
	at org.codehaus.groovy.grails.commons.DefaultGrailsApplication.invokeMethod(DefaultGrailsApplication.java:631)
	at org.codehaus.groovy.runtime.callsite.PogoMetaClassSite.call(PogoMetaClassSite.java:48)
	at org.codehaus.groovy.runtime.callsite.CallSiteArray.defaultCall(CallSiteArray.java:48)
	at org.codehaus.groovy.runtime.callsite.AbstractCallSite.call(AbstractCallSite.java:113)
	at org.codehaus.groovy.runtime.callsite.AbstractCallSite.call(AbstractCallSite.java:125)
	at ScaffoldingGrailsPlugin$_closure3.doCall(ScaffoldingGrailsPlugin.groovy:103)
	at sun.reflect.NativeMethodAccessorImpl.invoke0(Native Method)
	at sun.reflect.NativeMethodAccessorImpl.invoke(NativeMethodAccessorImpl.java:57)
	at sun.reflect.DelegatingMethodAccessorImpl.invoke(DelegatingMethodAccessorImpl.java:43)
	at java.lang.reflect.Method.invoke(Method.java:606)
	at org.springsource.loaded.ri.OriginalClassInvoker.invoke(OriginalClassInvoker.java:50)
	at org.springsource.loaded.ri.ReflectiveInterceptor.jlrMethodInvoke(ReflectiveInterceptor.java:1459)
	at org.codehaus.groovy.reflection.CachedMethod.invoke(CachedMethod.java:93)
	at groovy.lang.MetaMethod.doMethodInvoke(MetaMethod.java:325)
	at groovy.lang.MetaClassImpl.invokeMethod(MetaClassImpl.java:1210)
	at groovy.lang.ExpandoMetaClass.invokeMethod(ExpandoMetaClass.java:1123)
	at groovy.lang.MetaClassImpl.invokeMethod(MetaClassImpl.java:1019)
	at groovy.lang.Closure.call(Closure.java:426)
	at ScaffoldingGrailsPlugin$_closure3.call(ScaffoldingGrailsPlugin.groovy)
	at org.codehaus.groovy.grails.plugins.DefaultGrailsPlugin.invokeOnChangeListener(DefaultGrailsPlugin.java:767)
	at org.codehaus.groovy.grails.plugins.DefaultGrailsPlugin.notifyOfEvent(DefaultGrailsPlugin.java:716)
	at org.codehaus.groovy.grails.plugins.DefaultGrailsPluginManager.informObservers(DefaultGrailsPluginManager.java:242)
	at org.codehaus.groovy.grails.plugins.DefaultGrailsPlugin.notifyOfEvent(DefaultGrailsPlugin.java:732)
	at org.codehaus.groovy.grails.plugins.AbstractGrailsPluginManager.informOfClassChange(AbstractGrailsPluginManager.java:405)
	at org.codehaus.groovy.grails.plugins.AbstractGrailsPluginManager.informOfFileChange(AbstractGrailsPluginManager.java:366)
	at org.codehaus.groovy.grails.project.compiler.GrailsProjectWatcher.informPluginManager(GrailsProjectWatcher.java:226)
	at org.codehaus.groovy.grails.project.compiler.GrailsProjectWatcher.access$400(GrailsProjectWatcher.java:48)
	at org.codehaus.groovy.grails.project.compiler.GrailsProjectWatcher$1.onNew(GrailsProjectWatcher.java:152)
	at org.codehaus.groovy.grails.compiler.AbstractDirectoryWatcher.fireOnNew(AbstractDirectoryWatcher.java:76)
	at org.codehaus.groovy.grails.compiler.WatchServiceDirectoryWatcher.run(WatchServiceDirectoryWatcher.java:104)
	at org.codehaus.groovy.grails.compiler.DirectoryWatcher.run(DirectoryWatcher.java:154)
	at org.codehaus.groovy.grails.project.compiler.GrailsProjectWatcher.run(GrailsProjectWatcher.java:161)
2016-11-14 17:07:38,902 [Thread-12] ERROR StackTrace  - Full Stack Trace:
java.lang.IllegalArgumentException: Dynamic method is<Artefact>Class(artefactClass) requires a single Class parameter
	at ScaffoldingGrailsPlugin$_closure3.doCall(ScaffoldingGrailsPlugin.groovy:103)
2016-11-14 17:07:38,991 [Thread-12] ERROR StackTrace  - Full Stack Trace:
java.lang.IllegalArgumentException: Dynamic method is<Artefact>Class(artefactClass) requires a single Class parameter
	at ScaffoldingGrailsPlugin$_closure3.doCall(ScaffoldingGrailsPlugin.groovy:103)
2016-11-14 17:07:38,991 [Thread-12] ERROR StackTrace  - Full Stack Trace:
java.lang.IllegalArgumentException: Dynamic method is<Artefact>Class(artefactClass) requires a single Class parameter
	at ScaffoldingGrailsPlugin$_closure3.doCall(ScaffoldingGrailsPlugin.groovy:103)
2016-11-14 17:07:44,042 [http-bio-8080-exec-1] ERROR StackTrace  - Full Stack Trace:
java.lang.RuntimeException: java.lang.IllegalArgumentException: Dynamic method is<Artefact>Class(artefactClass) requires a single Class parameter
	at org.codehaus.groovy.grails.web.mapping.filter.UrlMappingsFilter.checkDevelopmentReloadingState(UrlMappingsFilter.java:374)
	at org.codehaus.groovy.grails.web.mapping.filter.UrlMappingsFilter.doFilterInternal(UrlMappingsFilter.java:206)
	at org.springframework.web.filter.OncePerRequestFilter.doFilter(OncePerRequestFilter.java:107)
	at org.apache.catalina.core.ApplicationFilterChain.internalDoFilter(ApplicationFilterChain.java:241)
	at org.apache.catalina.core.ApplicationFilterChain.doFilter(ApplicationFilterChain.java:208)
	at org.codehaus.groovy.grails.web.servlet.mvc.GrailsWebRequestFilter.doFilterInternal(GrailsWebRequestFilter.java:69)
	at org.springframework.web.filter.OncePerRequestFilter.doFilter(OncePerRequestFilter.java:107)
	at org.apache.catalina.core.ApplicationFilterChain.internalDoFilter(ApplicationFilterChain.java:241)
	at org.apache.catalina.core.ApplicationFilterChain.doFilter(ApplicationFilterChain.java:208)
	at org.codehaus.groovy.grails.web.filters.HiddenHttpMethodFilter.doFilterInternal(HiddenHttpMethodFilter.java:67)
	at org.springframework.web.filter.OncePerRequestFilter.doFilter(OncePerRequestFilter.java:107)
	at org.apache.catalina.core.ApplicationFilterChain.internalDoFilter(ApplicationFilterChain.java:241)
	at org.apache.catalina.core.ApplicationFilterChain.doFilter(ApplicationFilterChain.java:208)
	at org.springframework.web.filter.CharacterEncodingFilter.doFilterInternal(CharacterEncodingFilter.java:85)
	at org.springframework.web.filter.OncePerRequestFilter.doFilter(OncePerRequestFilter.java:107)
	at org.springframework.web.filter.DelegatingFilterProxy.invokeDelegate(DelegatingFilterProxy.java:344)
	at org.springframework.web.filter.DelegatingFilterProxy.doFilter(DelegatingFilterProxy.java:261)
	at org.apache.catalina.core.ApplicationFilterChain.internalDoFilter(ApplicationFilterChain.java:241)
	at org.apache.catalina.core.ApplicationFilterChain.doFilter(ApplicationFilterChain.java:208)
	at org.apache.catalina.core.StandardWrapperValve.invoke(StandardWrapperValve.java:220)
	at org.apache.catalina.core.StandardContextValve.invoke(StandardContextValve.java:122)
	at org.apache.catalina.core.StandardHostValve.invoke(StandardHostValve.java:171)
	at org.apache.catalina.valves.ErrorReportValve.invoke(ErrorReportValve.java:103)
	at org.apache.catalina.core.StandardEngineValve.invoke(StandardEngineValve.java:116)
	at org.apache.catalina.connector.CoyoteAdapter.service(CoyoteAdapter.java:408)
	at org.apache.coyote.http11.AbstractHttp11Processor.process(AbstractHttp11Processor.java:1070)
	at org.apache.coyote.AbstractProtocol$AbstractConnectionHandler.process(AbstractProtocol.java:611)
	at org.apache.tomcat.util.net.JIoEndpoint$SocketProcessor.run(JIoEndpoint.java:316)
	at java.util.concurrent.ThreadPoolExecutor.runWorker(ThreadPoolExecutor.java:1145)
	at java.util.concurrent.ThreadPoolExecutor$Worker.run(ThreadPoolExecutor.java:615)
	at org.apache.tomcat.util.threads.TaskThread$WrappingRunnable.run(TaskThread.java:61)
	at java.lang.Thread.run(Thread.java:745)
Caused by: java.lang.IllegalArgumentException: Dynamic method is<Artefact>Class(artefactClass) requires a single Class parameter
	at ScaffoldingGrailsPlugin$_closure3.doCall(ScaffoldingGrailsPlugin.groovy:103)
	... 1 more
2016-11-14 17:07:44,044 [http-bio-8080-exec-1] ERROR StackTrace  - Full Stack Trace:
java.lang.IllegalArgumentException: Dynamic method is<Artefact>Class(artefactClass) requires a single Class parameter
	at ScaffoldingGrailsPlugin$_closure3.doCall(ScaffoldingGrailsPlugin.groovy:103)
	at java.lang.Thread.run(Thread.java:745)
2016-11-14 17:07:44,044 [http-bio-8080-exec-1] ERROR StackTrace  - Full Stack Trace:
java.lang.RuntimeException: java.lang.IllegalArgumentException: Dynamic method is<Artefact>Class(artefactClass) requires a single Class parameter
	at java.util.concurrent.ThreadPoolExecutor.runWorker(ThreadPoolExecutor.java:1145)
	at java.util.concurrent.ThreadPoolExecutor$Worker.run(ThreadPoolExecutor.java:615)
	at java.lang.Thread.run(Thread.java:745)
Caused by: java.lang.IllegalArgumentException: Dynamic method is<Artefact>Class(artefactClass) requires a single Class parameter
	at ScaffoldingGrailsPlugin$_closure3.doCall(ScaffoldingGrailsPlugin.groovy:103)
	... 1 more
2016-11-14 17:07:44,163 [http-bio-8080-exec-1] ERROR StackTrace  - Full Stack Trace:
java.lang.RuntimeException: java.lang.IllegalArgumentException: Dynamic method is<Artefact>Class(artefactClass) requires a single Class parameter
	at java.util.concurrent.ThreadPoolExecutor.runWorker(ThreadPoolExecutor.java:1145)
	at java.util.concurrent.ThreadPoolExecutor$Worker.run(ThreadPoolExecutor.java:615)
	at java.lang.Thread.run(Thread.java:745)
Caused by: java.lang.IllegalArgumentException: Dynamic method is<Artefact>Class(artefactClass) requires a single Class parameter
	at ScaffoldingGrailsPlugin$_closure3.doCall(ScaffoldingGrailsPlugin.groovy:103)
	... 1 more
2016-11-14 17:07:44,163 [http-bio-8080-exec-1] ERROR StackTrace  - Full Stack Trace:
java.lang.IllegalArgumentException: Dynamic method is<Artefact>Class(artefactClass) requires a single Class parameter
	at ScaffoldingGrailsPlugin$_closure3.doCall(ScaffoldingGrailsPlugin.groovy:103)
	at java.lang.Thread.run(Thread.java:745)
2016-11-14 17:07:44,163 [http-bio-8080-exec-1] ERROR StackTrace  - Full Stack Trace:
java.lang.RuntimeException: java.lang.IllegalArgumentException: Dynamic method is<Artefact>Class(artefactClass) requires a single Class parameter
	at java.util.concurrent.ThreadPoolExecutor.runWorker(ThreadPoolExecutor.java:1145)
	at java.util.concurrent.ThreadPoolExecutor$Worker.run(ThreadPoolExecutor.java:615)
	at java.lang.Thread.run(Thread.java:745)
Caused by: java.lang.IllegalArgumentException: Dynamic method is<Artefact>Class(artefactClass) requires a single Class parameter
	at ScaffoldingGrailsPlugin$_closure3.doCall(ScaffoldingGrailsPlugin.groovy:103)
	... 1 more
2016-11-14 17:07:55,798 [http-bio-8080-exec-7] ERROR StackTrace  - Full Stack Trace:
java.lang.RuntimeException: java.lang.IllegalArgumentException: Dynamic method is<Artefact>Class(artefactClass) requires a single Class parameter
	at org.codehaus.groovy.grails.web.mapping.filter.UrlMappingsFilter.checkDevelopmentReloadingState(UrlMappingsFilter.java:374)
	at org.codehaus.groovy.grails.web.mapping.filter.UrlMappingsFilter.doFilterInternal(UrlMappingsFilter.java:206)
	at org.springframework.web.filter.OncePerRequestFilter.doFilter(OncePerRequestFilter.java:107)
	at org.apache.catalina.core.ApplicationFilterChain.internalDoFilter(ApplicationFilterChain.java:241)
	at org.apache.catalina.core.ApplicationFilterChain.doFilter(ApplicationFilterChain.java:208)
	at org.codehaus.groovy.grails.web.servlet.mvc.GrailsWebRequestFilter.doFilterInternal(GrailsWebRequestFilter.java:69)
	at org.springframework.web.filter.OncePerRequestFilter.doFilter(OncePerRequestFilter.java:107)
	at org.apache.catalina.core.ApplicationFilterChain.internalDoFilter(ApplicationFilterChain.java:241)
	at org.apache.catalina.core.ApplicationFilterChain.doFilter(ApplicationFilterChain.java:208)
	at org.codehaus.groovy.grails.web.filters.HiddenHttpMethodFilter.doFilterInternal(HiddenHttpMethodFilter.java:67)
	at org.springframework.web.filter.OncePerRequestFilter.doFilter(OncePerRequestFilter.java:107)
	at org.apache.catalina.core.ApplicationFilterChain.internalDoFilter(ApplicationFilterChain.java:241)
	at org.apache.catalina.core.ApplicationFilterChain.doFilter(ApplicationFilterChain.java:208)
	at org.springframework.web.filter.CharacterEncodingFilter.doFilterInternal(CharacterEncodingFilter.java:85)
	at org.springframework.web.filter.OncePerRequestFilter.doFilter(OncePerRequestFilter.java:107)
	at org.springframework.web.filter.DelegatingFilterProxy.invokeDelegate(DelegatingFilterProxy.java:344)
	at org.springframework.web.filter.DelegatingFilterProxy.doFilter(DelegatingFilterProxy.java:261)
	at org.apache.catalina.core.ApplicationFilterChain.internalDoFilter(ApplicationFilterChain.java:241)
	at org.apache.catalina.core.ApplicationFilterChain.doFilter(ApplicationFilterChain.java:208)
	at org.apache.catalina.core.StandardWrapperValve.invoke(StandardWrapperValve.java:220)
	at org.apache.catalina.core.StandardContextValve.invoke(StandardContextValve.java:122)
	at org.apache.catalina.core.StandardHostValve.invoke(StandardHostValve.java:171)
	at org.apache.catalina.valves.ErrorReportValve.invoke(ErrorReportValve.java:103)
	at org.apache.catalina.core.StandardEngineValve.invoke(StandardEngineValve.java:116)
	at org.apache.catalina.connector.CoyoteAdapter.service(CoyoteAdapter.java:408)
	at org.apache.coyote.http11.AbstractHttp11Processor.process(AbstractHttp11Processor.java:1070)
	at org.apache.coyote.AbstractProtocol$AbstractConnectionHandler.process(AbstractProtocol.java:611)
	at org.apache.tomcat.util.net.JIoEndpoint$SocketProcessor.run(JIoEndpoint.java:316)
	at java.util.concurrent.ThreadPoolExecutor.runWorker(ThreadPoolExecutor.java:1145)
	at java.util.concurrent.ThreadPoolExecutor$Worker.run(ThreadPoolExecutor.java:615)
	at org.apache.tomcat.util.threads.TaskThread$WrappingRunnable.run(TaskThread.java:61)
	at java.lang.Thread.run(Thread.java:745)
Caused by: java.lang.IllegalArgumentException: Dynamic method is<Artefact>Class(artefactClass) requires a single Class parameter
	at ScaffoldingGrailsPlugin$_closure3.doCall(ScaffoldingGrailsPlugin.groovy:103)
	... 1 more
2016-11-14 17:07:55,799 [http-bio-8080-exec-7] ERROR StackTrace  - Full Stack Trace:
java.lang.IllegalArgumentException: Dynamic method is<Artefact>Class(artefactClass) requires a single Class parameter
	at ScaffoldingGrailsPlugin$_closure3.doCall(ScaffoldingGrailsPlugin.groovy:103)
	at java.lang.Thread.run(Thread.java:745)
2016-11-14 17:07:55,799 [http-bio-8080-exec-7] ERROR StackTrace  - Full Stack Trace:
java.lang.RuntimeException: java.lang.IllegalArgumentException: Dynamic method is<Artefact>Class(artefactClass) requires a single Class parameter
	at java.util.concurrent.ThreadPoolExecutor.runWorker(ThreadPoolExecutor.java:1145)
	at java.util.concurrent.ThreadPoolExecutor$Worker.run(ThreadPoolExecutor.java:615)
	at java.lang.Thread.run(Thread.java:745)
Caused by: java.lang.IllegalArgumentException: Dynamic method is<Artefact>Class(artefactClass) requires a single Class parameter
	at ScaffoldingGrailsPlugin$_closure3.doCall(ScaffoldingGrailsPlugin.groovy:103)
	... 1 more
2016-11-14 17:07:55,811 [http-bio-8080-exec-7] ERROR StackTrace  - Full Stack Trace:
java.lang.RuntimeException: java.lang.IllegalArgumentException: Dynamic method is<Artefact>Class(artefactClass) requires a single Class parameter
	at java.util.concurrent.ThreadPoolExecutor.runWorker(ThreadPoolExecutor.java:1145)
	at java.util.concurrent.ThreadPoolExecutor$Worker.run(ThreadPoolExecutor.java:615)
	at java.lang.Thread.run(Thread.java:745)
Caused by: java.lang.IllegalArgumentException: Dynamic method is<Artefact>Class(artefactClass) requires a single Class parameter
	at ScaffoldingGrailsPlugin$_closure3.doCall(ScaffoldingGrailsPlugin.groovy:103)
	... 1 more
2016-11-14 17:07:55,812 [http-bio-8080-exec-7] ERROR StackTrace  - Full Stack Trace:
java.lang.IllegalArgumentException: Dynamic method is<Artefact>Class(artefactClass) requires a single Class parameter
	at ScaffoldingGrailsPlugin$_closure3.doCall(ScaffoldingGrailsPlugin.groovy:103)
	at java.lang.Thread.run(Thread.java:745)
2016-11-14 17:07:55,812 [http-bio-8080-exec-7] ERROR StackTrace  - Full Stack Trace:
java.lang.RuntimeException: java.lang.IllegalArgumentException: Dynamic method is<Artefact>Class(artefactClass) requires a single Class parameter
	at java.util.concurrent.ThreadPoolExecutor.runWorker(ThreadPoolExecutor.java:1145)
	at java.util.concurrent.ThreadPoolExecutor$Worker.run(ThreadPoolExecutor.java:615)
	at java.lang.Thread.run(Thread.java:745)
Caused by: java.lang.IllegalArgumentException: Dynamic method is<Artefact>Class(artefactClass) requires a single Class parameter
	at ScaffoldingGrailsPlugin$_closure3.doCall(ScaffoldingGrailsPlugin.groovy:103)
	... 1 more
2016-11-14 17:07:57,073 [http-bio-8080-exec-3] ERROR StackTrace  - Full Stack Trace:
java.lang.RuntimeException: java.lang.IllegalArgumentException: Dynamic method is<Artefact>Class(artefactClass) requires a single Class parameter
	at org.codehaus.groovy.grails.web.mapping.filter.UrlMappingsFilter.checkDevelopmentReloadingState(UrlMappingsFilter.java:374)
	at org.codehaus.groovy.grails.web.mapping.filter.UrlMappingsFilter.doFilterInternal(UrlMappingsFilter.java:206)
	at org.springframework.web.filter.OncePerRequestFilter.doFilter(OncePerRequestFilter.java:107)
	at org.apache.catalina.core.ApplicationFilterChain.internalDoFilter(ApplicationFilterChain.java:241)
	at org.apache.catalina.core.ApplicationFilterChain.doFilter(ApplicationFilterChain.java:208)
	at org.codehaus.groovy.grails.web.servlet.mvc.GrailsWebRequestFilter.doFilterInternal(GrailsWebRequestFilter.java:69)
	at org.springframework.web.filter.OncePerRequestFilter.doFilter(OncePerRequestFilter.java:107)
	at org.apache.catalina.core.ApplicationFilterChain.internalDoFilter(ApplicationFilterChain.java:241)
	at org.apache.catalina.core.ApplicationFilterChain.doFilter(ApplicationFilterChain.java:208)
	at org.codehaus.groovy.grails.web.filters.HiddenHttpMethodFilter.doFilterInternal(HiddenHttpMethodFilter.java:67)
	at org.springframework.web.filter.OncePerRequestFilter.doFilter(OncePerRequestFilter.java:107)
	at org.apache.catalina.core.ApplicationFilterChain.internalDoFilter(ApplicationFilterChain.java:241)
	at org.apache.catalina.core.ApplicationFilterChain.doFilter(ApplicationFilterChain.java:208)
	at org.springframework.web.filter.CharacterEncodingFilter.doFilterInternal(CharacterEncodingFilter.java:85)
	at org.springframework.web.filter.OncePerRequestFilter.doFilter(OncePerRequestFilter.java:107)
	at org.springframework.web.filter.DelegatingFilterProxy.invokeDelegate(DelegatingFilterProxy.java:344)
	at org.springframework.web.filter.DelegatingFilterProxy.doFilter(DelegatingFilterProxy.java:261)
	at org.apache.catalina.core.ApplicationFilterChain.internalDoFilter(ApplicationFilterChain.java:241)
	at org.apache.catalina.core.ApplicationFilterChain.doFilter(ApplicationFilterChain.java:208)
	at org.apache.catalina.core.StandardWrapperValve.invoke(StandardWrapperValve.java:220)
	at org.apache.catalina.core.StandardContextValve.invoke(StandardContextValve.java:122)
	at org.apache.catalina.core.StandardHostValve.invoke(StandardHostValve.java:171)
	at org.apache.catalina.valves.ErrorReportValve.invoke(ErrorReportValve.java:103)
	at org.apache.catalina.core.StandardEngineValve.invoke(StandardEngineValve.java:116)
	at org.apache.catalina.connector.CoyoteAdapter.service(CoyoteAdapter.java:408)
	at org.apache.coyote.http11.AbstractHttp11Processor.process(AbstractHttp11Processor.java:1070)
	at org.apache.coyote.AbstractProtocol$AbstractConnectionHandler.process(AbstractProtocol.java:611)
	at org.apache.tomcat.util.net.JIoEndpoint$SocketProcessor.run(JIoEndpoint.java:316)
	at java.util.concurrent.ThreadPoolExecutor.runWorker(ThreadPoolExecutor.java:1145)
	at java.util.concurrent.ThreadPoolExecutor$Worker.run(ThreadPoolExecutor.java:615)
	at org.apache.tomcat.util.threads.TaskThread$WrappingRunnable.run(TaskThread.java:61)
	at java.lang.Thread.run(Thread.java:745)
Caused by: java.lang.IllegalArgumentException: Dynamic method is<Artefact>Class(artefactClass) requires a single Class parameter
	at ScaffoldingGrailsPlugin$_closure3.doCall(ScaffoldingGrailsPlugin.groovy:103)
	... 1 more
2016-11-14 17:07:57,074 [http-bio-8080-exec-3] ERROR StackTrace  - Full Stack Trace:
java.lang.IllegalArgumentException: Dynamic method is<Artefact>Class(artefactClass) requires a single Class parameter
	at ScaffoldingGrailsPlugin$_closure3.doCall(ScaffoldingGrailsPlugin.groovy:103)
	at java.lang.Thread.run(Thread.java:745)
2016-11-14 17:07:57,074 [http-bio-8080-exec-3] ERROR StackTrace  - Full Stack Trace:
java.lang.RuntimeException: java.lang.IllegalArgumentException: Dynamic method is<Artefact>Class(artefactClass) requires a single Class parameter
	at java.util.concurrent.ThreadPoolExecutor.runWorker(ThreadPoolExecutor.java:1145)
	at java.util.concurrent.ThreadPoolExecutor$Worker.run(ThreadPoolExecutor.java:615)
	at java.lang.Thread.run(Thread.java:745)
Caused by: java.lang.IllegalArgumentException: Dynamic method is<Artefact>Class(artefactClass) requires a single Class parameter
	at ScaffoldingGrailsPlugin$_closure3.doCall(ScaffoldingGrailsPlugin.groovy:103)
	... 1 more
2016-11-14 17:07:57,086 [http-bio-8080-exec-3] ERROR StackTrace  - Full Stack Trace:
java.lang.RuntimeException: java.lang.IllegalArgumentException: Dynamic method is<Artefact>Class(artefactClass) requires a single Class parameter
	at java.util.concurrent.ThreadPoolExecutor.runWorker(ThreadPoolExecutor.java:1145)
	at java.util.concurrent.ThreadPoolExecutor$Worker.run(ThreadPoolExecutor.java:615)
	at java.lang.Thread.run(Thread.java:745)
Caused by: java.lang.IllegalArgumentException: Dynamic method is<Artefact>Class(artefactClass) requires a single Class parameter
	at ScaffoldingGrailsPlugin$_closure3.doCall(ScaffoldingGrailsPlugin.groovy:103)
	... 1 more
2016-11-14 17:07:57,086 [http-bio-8080-exec-3] ERROR StackTrace  - Full Stack Trace:
java.lang.IllegalArgumentException: Dynamic method is<Artefact>Class(artefactClass) requires a single Class parameter
	at ScaffoldingGrailsPlugin$_closure3.doCall(ScaffoldingGrailsPlugin.groovy:103)
	at java.lang.Thread.run(Thread.java:745)
2016-11-14 17:07:57,087 [http-bio-8080-exec-3] ERROR StackTrace  - Full Stack Trace:
java.lang.RuntimeException: java.lang.IllegalArgumentException: Dynamic method is<Artefact>Class(artefactClass) requires a single Class parameter
	at java.util.concurrent.ThreadPoolExecutor.runWorker(ThreadPoolExecutor.java:1145)
	at java.util.concurrent.ThreadPoolExecutor$Worker.run(ThreadPoolExecutor.java:615)
	at java.lang.Thread.run(Thread.java:745)
Caused by: java.lang.IllegalArgumentException: Dynamic method is<Artefact>Class(artefactClass) requires a single Class parameter
	at ScaffoldingGrailsPlugin$_closure3.doCall(ScaffoldingGrailsPlugin.groovy:103)
	... 1 more
2016-11-14 17:10:22,023 [http-bio-8080-exec-3] ERROR StackTrace  - Full Stack Trace:
java.lang.RuntimeException: java.lang.IllegalArgumentException: Dynamic method is<Artefact>Class(artefactClass) requires a single Class parameter
	at org.codehaus.groovy.grails.web.mapping.filter.UrlMappingsFilter.checkDevelopmentReloadingState(UrlMappingsFilter.java:374)
	at org.codehaus.groovy.grails.web.mapping.filter.UrlMappingsFilter.doFilterInternal(UrlMappingsFilter.java:206)
	at org.springframework.web.filter.OncePerRequestFilter.doFilter(OncePerRequestFilter.java:107)
	at org.apache.catalina.core.ApplicationFilterChain.internalDoFilter(ApplicationFilterChain.java:241)
	at org.apache.catalina.core.ApplicationFilterChain.doFilter(ApplicationFilterChain.java:208)
	at org.codehaus.groovy.grails.web.servlet.mvc.GrailsWebRequestFilter.doFilterInternal(GrailsWebRequestFilter.java:69)
	at org.springframework.web.filter.OncePerRequestFilter.doFilter(OncePerRequestFilter.java:107)
	at org.apache.catalina.core.ApplicationFilterChain.internalDoFilter(ApplicationFilterChain.java:241)
	at org.apache.catalina.core.ApplicationFilterChain.doFilter(ApplicationFilterChain.java:208)
	at org.codehaus.groovy.grails.web.filters.HiddenHttpMethodFilter.doFilterInternal(HiddenHttpMethodFilter.java:67)
	at org.springframework.web.filter.OncePerRequestFilter.doFilter(OncePerRequestFilter.java:107)
	at org.apache.catalina.core.ApplicationFilterChain.internalDoFilter(ApplicationFilterChain.java:241)
	at org.apache.catalina.core.ApplicationFilterChain.doFilter(ApplicationFilterChain.java:208)
	at org.springframework.web.filter.CharacterEncodingFilter.doFilterInternal(CharacterEncodingFilter.java:85)
	at org.springframework.web.filter.OncePerRequestFilter.doFilter(OncePerRequestFilter.java:107)
	at org.springframework.web.filter.DelegatingFilterProxy.invokeDelegate(DelegatingFilterProxy.java:344)
	at org.springframework.web.filter.DelegatingFilterProxy.doFilter(DelegatingFilterProxy.java:261)
	at org.apache.catalina.core.ApplicationFilterChain.internalDoFilter(ApplicationFilterChain.java:241)
	at org.apache.catalina.core.ApplicationFilterChain.doFilter(ApplicationFilterChain.java:208)
	at org.apache.catalina.core.StandardWrapperValve.invoke(StandardWrapperValve.java:220)
	at org.apache.catalina.core.StandardContextValve.invoke(StandardContextValve.java:122)
	at org.apache.catalina.core.StandardHostValve.invoke(StandardHostValve.java:171)
	at org.apache.catalina.valves.ErrorReportValve.invoke(ErrorReportValve.java:103)
	at org.apache.catalina.core.StandardEngineValve.invoke(StandardEngineValve.java:116)
	at org.apache.catalina.connector.CoyoteAdapter.service(CoyoteAdapter.java:408)
	at org.apache.coyote.http11.AbstractHttp11Processor.process(AbstractHttp11Processor.java:1070)
	at org.apache.coyote.AbstractProtocol$AbstractConnectionHandler.process(AbstractProtocol.java:611)
	at org.apache.tomcat.util.net.JIoEndpoint$SocketProcessor.run(JIoEndpoint.java:314)
	at java.util.concurrent.ThreadPoolExecutor.runWorker(ThreadPoolExecutor.java:1145)
	at java.util.concurrent.ThreadPoolExecutor$Worker.run(ThreadPoolExecutor.java:615)
	at org.apache.tomcat.util.threads.TaskThread$WrappingRunnable.run(TaskThread.java:61)
	at java.lang.Thread.run(Thread.java:745)
Caused by: java.lang.IllegalArgumentException: Dynamic method is<Artefact>Class(artefactClass) requires a single Class parameter
	at ScaffoldingGrailsPlugin$_closure3.doCall(ScaffoldingGrailsPlugin.groovy:103)
	... 1 more
2016-11-14 17:10:22,024 [http-bio-8080-exec-3] ERROR StackTrace  - Full Stack Trace:
java.lang.IllegalArgumentException: Dynamic method is<Artefact>Class(artefactClass) requires a single Class parameter
	at ScaffoldingGrailsPlugin$_closure3.doCall(ScaffoldingGrailsPlugin.groovy:103)
	at java.lang.Thread.run(Thread.java:745)
2016-11-14 17:10:22,024 [http-bio-8080-exec-3] ERROR StackTrace  - Full Stack Trace:
java.lang.RuntimeException: java.lang.IllegalArgumentException: Dynamic method is<Artefact>Class(artefactClass) requires a single Class parameter
	at java.util.concurrent.ThreadPoolExecutor.runWorker(ThreadPoolExecutor.java:1145)
	at java.util.concurrent.ThreadPoolExecutor$Worker.run(ThreadPoolExecutor.java:615)
	at java.lang.Thread.run(Thread.java:745)
Caused by: java.lang.IllegalArgumentException: Dynamic method is<Artefact>Class(artefactClass) requires a single Class parameter
	at ScaffoldingGrailsPlugin$_closure3.doCall(ScaffoldingGrailsPlugin.groovy:103)
	... 1 more
2016-11-14 17:10:22,034 [http-bio-8080-exec-3] ERROR StackTrace  - Full Stack Trace:
java.lang.RuntimeException: java.lang.IllegalArgumentException: Dynamic method is<Artefact>Class(artefactClass) requires a single Class parameter
	at java.util.concurrent.ThreadPoolExecutor.runWorker(ThreadPoolExecutor.java:1145)
	at java.util.concurrent.ThreadPoolExecutor$Worker.run(ThreadPoolExecutor.java:615)
	at java.lang.Thread.run(Thread.java:745)
Caused by: java.lang.IllegalArgumentException: Dynamic method is<Artefact>Class(artefactClass) requires a single Class parameter
	at ScaffoldingGrailsPlugin$_closure3.doCall(ScaffoldingGrailsPlugin.groovy:103)
	... 1 more
2016-11-14 17:10:22,034 [http-bio-8080-exec-3] ERROR StackTrace  - Full Stack Trace:
java.lang.IllegalArgumentException: Dynamic method is<Artefact>Class(artefactClass) requires a single Class parameter
	at ScaffoldingGrailsPlugin$_closure3.doCall(ScaffoldingGrailsPlugin.groovy:103)
	at java.lang.Thread.run(Thread.java:745)
2016-11-14 17:10:22,034 [http-bio-8080-exec-3] ERROR StackTrace  - Full Stack Trace:
java.lang.RuntimeException: java.lang.IllegalArgumentException: Dynamic method is<Artefact>Class(artefactClass) requires a single Class parameter
	at java.util.concurrent.ThreadPoolExecutor.runWorker(ThreadPoolExecutor.java:1145)
	at java.util.concurrent.ThreadPoolExecutor$Worker.run(ThreadPoolExecutor.java:615)
	at java.lang.Thread.run(Thread.java:745)
Caused by: java.lang.IllegalArgumentException: Dynamic method is<Artefact>Class(artefactClass) requires a single Class parameter
	at ScaffoldingGrailsPlugin$_closure3.doCall(ScaffoldingGrailsPlugin.groovy:103)
	... 1 more
2016-11-14 17:10:23,010 [http-bio-8080-exec-4] ERROR StackTrace  - Full Stack Trace:
java.lang.RuntimeException: java.lang.IllegalArgumentException: Dynamic method is<Artefact>Class(artefactClass) requires a single Class parameter
	at org.codehaus.groovy.grails.web.mapping.filter.UrlMappingsFilter.checkDevelopmentReloadingState(UrlMappingsFilter.java:374)
	at org.codehaus.groovy.grails.web.mapping.filter.UrlMappingsFilter.doFilterInternal(UrlMappingsFilter.java:206)
	at org.springframework.web.filter.OncePerRequestFilter.doFilter(OncePerRequestFilter.java:107)
	at org.apache.catalina.core.ApplicationFilterChain.internalDoFilter(ApplicationFilterChain.java:241)
	at org.apache.catalina.core.ApplicationFilterChain.doFilter(ApplicationFilterChain.java:208)
	at org.codehaus.groovy.grails.web.servlet.mvc.GrailsWebRequestFilter.doFilterInternal(GrailsWebRequestFilter.java:69)
	at org.springframework.web.filter.OncePerRequestFilter.doFilter(OncePerRequestFilter.java:107)
	at org.apache.catalina.core.ApplicationFilterChain.internalDoFilter(ApplicationFilterChain.java:241)
	at org.apache.catalina.core.ApplicationFilterChain.doFilter(ApplicationFilterChain.java:208)
	at org.codehaus.groovy.grails.web.filters.HiddenHttpMethodFilter.doFilterInternal(HiddenHttpMethodFilter.java:67)
	at org.springframework.web.filter.OncePerRequestFilter.doFilter(OncePerRequestFilter.java:107)
	at org.apache.catalina.core.ApplicationFilterChain.internalDoFilter(ApplicationFilterChain.java:241)
	at org.apache.catalina.core.ApplicationFilterChain.doFilter(ApplicationFilterChain.java:208)
	at org.springframework.web.filter.CharacterEncodingFilter.doFilterInternal(CharacterEncodingFilter.java:85)
	at org.springframework.web.filter.OncePerRequestFilter.doFilter(OncePerRequestFilter.java:107)
	at org.springframework.web.filter.DelegatingFilterProxy.invokeDelegate(DelegatingFilterProxy.java:344)
	at org.springframework.web.filter.DelegatingFilterProxy.doFilter(DelegatingFilterProxy.java:261)
	at org.apache.catalina.core.ApplicationFilterChain.internalDoFilter(ApplicationFilterChain.java:241)
	at org.apache.catalina.core.ApplicationFilterChain.doFilter(ApplicationFilterChain.java:208)
	at org.apache.catalina.core.StandardWrapperValve.invoke(StandardWrapperValve.java:220)
	at org.apache.catalina.core.StandardContextValve.invoke(StandardContextValve.java:122)
	at org.apache.catalina.core.StandardHostValve.invoke(StandardHostValve.java:171)
	at org.apache.catalina.valves.ErrorReportValve.invoke(ErrorReportValve.java:103)
	at org.apache.catalina.core.StandardEngineValve.invoke(StandardEngineValve.java:116)
	at org.apache.catalina.connector.CoyoteAdapter.service(CoyoteAdapter.java:408)
	at org.apache.coyote.http11.AbstractHttp11Processor.process(AbstractHttp11Processor.java:1070)
	at org.apache.coyote.AbstractProtocol$AbstractConnectionHandler.process(AbstractProtocol.java:611)
	at org.apache.tomcat.util.net.JIoEndpoint$SocketProcessor.run(JIoEndpoint.java:316)
	at java.util.concurrent.ThreadPoolExecutor.runWorker(ThreadPoolExecutor.java:1145)
	at java.util.concurrent.ThreadPoolExecutor$Worker.run(ThreadPoolExecutor.java:615)
	at org.apache.tomcat.util.threads.TaskThread$WrappingRunnable.run(TaskThread.java:61)
	at java.lang.Thread.run(Thread.java:745)
Caused by: java.lang.IllegalArgumentException: Dynamic method is<Artefact>Class(artefactClass) requires a single Class parameter
	at ScaffoldingGrailsPlugin$_closure3.doCall(ScaffoldingGrailsPlugin.groovy:103)
	... 1 more
2016-11-14 17:10:23,011 [http-bio-8080-exec-4] ERROR StackTrace  - Full Stack Trace:
java.lang.IllegalArgumentException: Dynamic method is<Artefact>Class(artefactClass) requires a single Class parameter
	at ScaffoldingGrailsPlugin$_closure3.doCall(ScaffoldingGrailsPlugin.groovy:103)
	at java.lang.Thread.run(Thread.java:745)
2016-11-14 17:10:23,011 [http-bio-8080-exec-4] ERROR StackTrace  - Full Stack Trace:
java.lang.RuntimeException: java.lang.IllegalArgumentException: Dynamic method is<Artefact>Class(artefactClass) requires a single Class parameter
	at java.util.concurrent.ThreadPoolExecutor.runWorker(ThreadPoolExecutor.java:1145)
	at java.util.concurrent.ThreadPoolExecutor$Worker.run(ThreadPoolExecutor.java:615)
	at java.lang.Thread.run(Thread.java:745)
Caused by: java.lang.IllegalArgumentException: Dynamic method is<Artefact>Class(artefactClass) requires a single Class parameter
	at ScaffoldingGrailsPlugin$_closure3.doCall(ScaffoldingGrailsPlugin.groovy:103)
	... 1 more
2016-11-14 17:10:23,021 [http-bio-8080-exec-4] ERROR StackTrace  - Full Stack Trace:
java.lang.RuntimeException: java.lang.IllegalArgumentException: Dynamic method is<Artefact>Class(artefactClass) requires a single Class parameter
	at java.util.concurrent.ThreadPoolExecutor.runWorker(ThreadPoolExecutor.java:1145)
	at java.util.concurrent.ThreadPoolExecutor$Worker.run(ThreadPoolExecutor.java:615)
	at java.lang.Thread.run(Thread.java:745)
Caused by: java.lang.IllegalArgumentException: Dynamic method is<Artefact>Class(artefactClass) requires a single Class parameter
	at ScaffoldingGrailsPlugin$_closure3.doCall(ScaffoldingGrailsPlugin.groovy:103)
	... 1 more
2016-11-14 17:10:23,021 [http-bio-8080-exec-4] ERROR StackTrace  - Full Stack Trace:
java.lang.IllegalArgumentException: Dynamic method is<Artefact>Class(artefactClass) requires a single Class parameter
	at ScaffoldingGrailsPlugin$_closure3.doCall(ScaffoldingGrailsPlugin.groovy:103)
	at java.lang.Thread.run(Thread.java:745)
2016-11-14 17:10:23,021 [http-bio-8080-exec-4] ERROR StackTrace  - Full Stack Trace:
java.lang.RuntimeException: java.lang.IllegalArgumentException: Dynamic method is<Artefact>Class(artefactClass) requires a single Class parameter
	at java.util.concurrent.ThreadPoolExecutor.runWorker(ThreadPoolExecutor.java:1145)
	at java.util.concurrent.ThreadPoolExecutor$Worker.run(ThreadPoolExecutor.java:615)
	at java.lang.Thread.run(Thread.java:745)
Caused by: java.lang.IllegalArgumentException: Dynamic method is<Artefact>Class(artefactClass) requires a single Class parameter
	at ScaffoldingGrailsPlugin$_closure3.doCall(ScaffoldingGrailsPlugin.groovy:103)
	... 1 more
2016-11-14 17:17:00,660 [http-bio-8080-exec-4] ERROR StackTrace  - Full Stack Trace:
org.hibernate.QueryException: could not resolve property: cantidadCreditos of: seguridad.Servicio
	at org.hibernate.persister.entity.AbstractPropertyMapping.propertyException(AbstractPropertyMapping.java:83)
	at org.hibernate.persister.entity.AbstractPropertyMapping.toType(AbstractPropertyMapping.java:77)
	at org.hibernate.persister.entity.AbstractEntityPersister.getSubclassPropertyTableNumber(AbstractEntityPersister.java:1995)
	at org.hibernate.persister.entity.BasicEntityPropertyMapping.toColumns(BasicEntityPropertyMapping.java:61)
	at org.hibernate.persister.entity.AbstractEntityPersister.toColumns(AbstractEntityPersister.java:1970)
	at org.hibernate.loader.criteria.CriteriaQueryTranslator.getColumns(CriteriaQueryTranslator.java:518)
	at org.hibernate.loader.criteria.CriteriaQueryTranslator.getColumnsUsingProjection(CriteriaQueryTranslator.java:482)
	at org.hibernate.criterion.Order.toSqlString(Order.java:126)
	at org.hibernate.loader.criteria.CriteriaQueryTranslator.getOrderBy(CriteriaQueryTranslator.java:431)
	at org.hibernate.loader.criteria.CriteriaJoinWalker.<init>(CriteriaJoinWalker.java:123)
	at org.hibernate.loader.criteria.CriteriaJoinWalker.<init>(CriteriaJoinWalker.java:92)
	at org.hibernate.loader.criteria.CriteriaLoader.<init>(CriteriaLoader.java:97)
	at org.hibernate.internal.SessionImpl.list(SessionImpl.java:1699)
	at org.hibernate.internal.CriteriaImpl.list(CriteriaImpl.java:380)
	at grails.orm.PagedResultList.<init>(PagedResultList.java:43)
	at org.codehaus.groovy.grails.orm.hibernate.metaclass.ListPersistentMethod$1.doInHibernate(ListPersistentMethod.java:70)
	at org.codehaus.groovy.grails.orm.hibernate.GrailsHibernateTemplate.doExecute(GrailsHibernateTemplate.java:188)
	at org.codehaus.groovy.grails.orm.hibernate.GrailsHibernateTemplate.executeFind(GrailsHibernateTemplate.java:136)
	at org.codehaus.groovy.grails.orm.hibernate.metaclass.ListPersistentMethod.doInvokeInternal(ListPersistentMethod.java:60)
	at org.codehaus.groovy.grails.orm.hibernate.metaclass.AbstractStaticPersistentMethod.invoke(AbstractStaticPersistentMethod.java:79)
	at org.codehaus.groovy.grails.orm.hibernate.metaclass.AbstractStaticPersistentMethod.invoke(AbstractStaticPersistentMethod.java:72)
	at org.codehaus.groovy.grails.orm.hibernate.HibernateGormStaticApi.list(HibernateGormStaticApi.groovy:261)
	at seguridad.Servicio.list(Servicio.groovy)
	at seguridad.Servicio$list$0.call(Unknown Source)
	at seguridad.ServicioController.$tt__index(ServicioController.groovy:15)
	at seguridad.ServicioController$_index_closure1.doCall(ServicioController.groovy)
	at sun.reflect.NativeMethodAccessorImpl.invoke0(Native Method)
	at sun.reflect.NativeMethodAccessorImpl.invoke(NativeMethodAccessorImpl.java:57)
	at sun.reflect.DelegatingMethodAccessorImpl.invoke(DelegatingMethodAccessorImpl.java:43)
	at java.lang.reflect.Method.invoke(Method.java:606)
	at org.springsource.loaded.ri.OriginalClassInvoker.invoke(OriginalClassInvoker.java:50)
	at org.springsource.loaded.ri.ReflectiveInterceptor.jlrMethodInvoke(ReflectiveInterceptor.java:1459)
	at org.codehaus.groovy.reflection.CachedMethod.invoke(CachedMethod.java:93)
	at groovy.lang.MetaMethod.doMethodInvoke(MetaMethod.java:325)
	at groovy.lang.MetaClassImpl.invokeMethod(MetaClassImpl.java:1210)
	at groovy.lang.ExpandoMetaClass.invokeMethod(ExpandoMetaClass.java:1123)
	at groovy.lang.MetaClassImpl.invokeMethod(MetaClassImpl.java:1019)
	at groovy.lang.Closure.call(Closure.java:426)
	at seguridad.ServicioController$_index_closure1.call(ServicioController.groovy)
	at groovy.lang.Closure.call(Closure.java:442)
	at seguridad.ServicioController$_index_closure1.call(ServicioController.groovy)
	at org.codehaus.groovy.grails.orm.support.GrailsTransactionTemplate$2.doInTransaction(GrailsTransactionTemplate.groovy:90)
	at org.springframework.transaction.support.TransactionTemplate.execute(TransactionTemplate.java:133)
	at org.codehaus.groovy.grails.orm.support.GrailsTransactionTemplate.execute(GrailsTransactionTemplate.groovy:87)
	at seguridad.ServicioController.index(ServicioController.groovy)
	at seguridad.ServicioController.index(ServicioController.groovy)
	at sun.reflect.NativeMethodAccessorImpl.invoke0(Native Method)
	at sun.reflect.NativeMethodAccessorImpl.invoke(NativeMethodAccessorImpl.java:57)
	at sun.reflect.DelegatingMethodAccessorImpl.invoke(DelegatingMethodAccessorImpl.java:43)
	at java.lang.reflect.Method.invoke(Method.java:606)
	at org.springsource.loaded.ri.OriginalClassInvoker.invoke(OriginalClassInvoker.java:50)
	at org.springsource.loaded.ri.ReflectiveInterceptor.jlrMethodInvoke(ReflectiveInterceptor.java:1459)
	at org.codehaus.groovy.grails.web.servlet.mvc.MixedGrailsControllerHelper.invoke(MixedGrailsControllerHelper.java:154)
	at org.codehaus.groovy.grails.web.servlet.mvc.AbstractGrailsControllerHelper.handleAction(AbstractGrailsControllerHelper.java:375)
	at org.codehaus.groovy.grails.web.servlet.mvc.AbstractGrailsControllerHelper.executeAction(AbstractGrailsControllerHelper.java:252)
	at org.codehaus.groovy.grails.web.servlet.mvc.AbstractGrailsControllerHelper.handleURI(AbstractGrailsControllerHelper.java:205)
	at org.codehaus.groovy.grails.web.servlet.mvc.AbstractGrailsControllerHelper.handleURI(AbstractGrailsControllerHelper.java:126)
	at org.codehaus.groovy.grails.web.servlet.mvc.SimpleGrailsController.handleRequest(SimpleGrailsController.java:72)
	at org.springframework.web.servlet.mvc.SimpleControllerHandlerAdapter.handle(SimpleControllerHandlerAdapter.java:50)
	at org.codehaus.groovy.grails.web.servlet.GrailsDispatcherServlet.doDispatch(GrailsDispatcherServlet.java:347)
	at org.springframework.web.servlet.DispatcherServlet.doService(DispatcherServlet.java:893)
	at org.springframework.web.servlet.FrameworkServlet.processRequest(FrameworkServlet.java:966)
	at org.springframework.web.servlet.FrameworkServlet.doGet(FrameworkServlet.java:857)
	at javax.servlet.http.HttpServlet.service(HttpServlet.java:620)
	at org.springframework.web.servlet.FrameworkServlet.service(FrameworkServlet.java:842)
	at javax.servlet.http.HttpServlet.service(HttpServlet.java:727)
	at org.apache.catalina.core.ApplicationFilterChain.internalDoFilter(ApplicationFilterChain.java:303)
	at org.apache.catalina.core.ApplicationFilterChain.doFilter(ApplicationFilterChain.java:208)
	at org.apache.tomcat.websocket.server.WsFilter.doFilter(WsFilter.java:52)
	at org.apache.catalina.core.ApplicationFilterChain.internalDoFilter(ApplicationFilterChain.java:241)
	at org.apache.catalina.core.ApplicationFilterChain.doFilter(ApplicationFilterChain.java:208)
	at grails.plugin.cache.web.filter.PageFragmentCachingFilter.doFilter(PageFragmentCachingFilter.java:198)
	at grails.plugin.cache.web.filter.AbstractFilter.doFilter(AbstractFilter.java:63)
	at org.springframework.web.filter.DelegatingFilterProxy.invokeDelegate(DelegatingFilterProxy.java:344)
	at org.springframework.web.filter.DelegatingFilterProxy.doFilter(DelegatingFilterProxy.java:261)
	at org.apache.catalina.core.ApplicationFilterChain.internalDoFilter(ApplicationFilterChain.java:241)
	at org.apache.catalina.core.ApplicationFilterChain.doFilter(ApplicationFilterChain.java:208)
	at org.springframework.web.filter.OncePerRequestFilter.doFilter(OncePerRequestFilter.java:101)
	at org.apache.catalina.core.ApplicationFilterChain.internalDoFilter(ApplicationFilterChain.java:241)
	at org.apache.catalina.core.ApplicationFilterChain.doFilter(ApplicationFilterChain.java:208)
	at org.springframework.web.filter.OncePerRequestFilter.doFilter(OncePerRequestFilter.java:101)
	at org.apache.catalina.core.ApplicationFilterChain.internalDoFilter(ApplicationFilterChain.java:241)
	at org.apache.catalina.core.ApplicationFilterChain.doFilter(ApplicationFilterChain.java:208)
	at org.springframework.web.filter.OncePerRequestFilter.doFilter(OncePerRequestFilter.java:101)
	at org.apache.catalina.core.ApplicationFilterChain.internalDoFilter(ApplicationFilterChain.java:241)
	at org.apache.catalina.core.ApplicationFilterChain.doFilter(ApplicationFilterChain.java:208)
	at org.apache.catalina.core.ApplicationDispatcher.invoke(ApplicationDispatcher.java:748)
	at org.apache.catalina.core.ApplicationDispatcher.processRequest(ApplicationDispatcher.java:486)
	at org.apache.catalina.core.ApplicationDispatcher.doForward(ApplicationDispatcher.java:411)
	at org.apache.catalina.core.ApplicationDispatcher.forward(ApplicationDispatcher.java:338)
	at org.codehaus.groovy.grails.web.mapping.UrlMappingUtils.forwardRequestForUrlMappingInfo(UrlMappingUtils.java:178)
	at org.codehaus.groovy.grails.web.mapping.UrlMappingUtils.forwardRequestForUrlMappingInfo(UrlMappingUtils.java:144)
	at org.codehaus.groovy.grails.web.mapping.UrlMappingUtils.forwardRequestForUrlMappingInfo(UrlMappingUtils.java:135)
	at org.codehaus.groovy.grails.web.mapping.filter.UrlMappingsFilter.doFilterInternal(UrlMappingsFilter.java:216)
	at org.springframework.web.filter.OncePerRequestFilter.doFilter(OncePerRequestFilter.java:107)
	at org.apache.catalina.core.ApplicationFilterChain.internalDoFilter(ApplicationFilterChain.java:241)
	at org.apache.catalina.core.ApplicationFilterChain.doFilter(ApplicationFilterChain.java:208)
	at org.codehaus.groovy.grails.web.servlet.mvc.GrailsWebRequestFilter.doFilterInternal(GrailsWebRequestFilter.java:69)
	at org.springframework.web.filter.OncePerRequestFilter.doFilter(OncePerRequestFilter.java:107)
	at org.apache.catalina.core.ApplicationFilterChain.internalDoFilter(ApplicationFilterChain.java:241)
	at org.apache.catalina.core.ApplicationFilterChain.doFilter(ApplicationFilterChain.java:208)
	at org.codehaus.groovy.grails.web.filters.HiddenHttpMethodFilter.doFilterInternal(HiddenHttpMethodFilter.java:67)
	at org.springframework.web.filter.OncePerRequestFilter.doFilter(OncePerRequestFilter.java:107)
	at org.apache.catalina.core.ApplicationFilterChain.internalDoFilter(ApplicationFilterChain.java:241)
	at org.apache.catalina.core.ApplicationFilterChain.doFilter(ApplicationFilterChain.java:208)
	at org.springframework.web.filter.CharacterEncodingFilter.doFilterInternal(CharacterEncodingFilter.java:85)
	at org.springframework.web.filter.OncePerRequestFilter.doFilter(OncePerRequestFilter.java:107)
	at org.springframework.web.filter.DelegatingFilterProxy.invokeDelegate(DelegatingFilterProxy.java:344)
	at org.springframework.web.filter.DelegatingFilterProxy.doFilter(DelegatingFilterProxy.java:261)
	at org.apache.catalina.core.ApplicationFilterChain.internalDoFilter(ApplicationFilterChain.java:241)
	at org.apache.catalina.core.ApplicationFilterChain.doFilter(ApplicationFilterChain.java:208)
	at org.apache.catalina.core.StandardWrapperValve.invoke(StandardWrapperValve.java:220)
	at org.apache.catalina.core.StandardContextValve.invoke(StandardContextValve.java:122)
	at org.apache.catalina.core.StandardHostValve.invoke(StandardHostValve.java:171)
	at org.apache.catalina.valves.ErrorReportValve.invoke(ErrorReportValve.java:103)
	at org.apache.catalina.core.StandardEngineValve.invoke(StandardEngineValve.java:116)
	at org.apache.catalina.connector.CoyoteAdapter.service(CoyoteAdapter.java:408)
	at org.apache.coyote.http11.AbstractHttp11Processor.process(AbstractHttp11Processor.java:1070)
	at org.apache.coyote.AbstractProtocol$AbstractConnectionHandler.process(AbstractProtocol.java:611)
	at org.apache.tomcat.util.net.JIoEndpoint$SocketProcessor.run(JIoEndpoint.java:316)
	at java.util.concurrent.ThreadPoolExecutor.runWorker(ThreadPoolExecutor.java:1145)
	at java.util.concurrent.ThreadPoolExecutor$Worker.run(ThreadPoolExecutor.java:615)
	at org.apache.tomcat.util.threads.TaskThread$WrappingRunnable.run(TaskThread.java:61)
	at java.lang.Thread.run(Thread.java:745)
2016-11-14 17:17:00,661 [http-bio-8080-exec-4] ERROR StackTrace  - Full Stack Trace:
org.hibernate.QueryException: could not resolve property: cantidadCreditos of: seguridad.Servicio
	at grails.orm.PagedResultList.<init>(PagedResultList.java:43)
	at seguridad.ServicioController.$tt__index(ServicioController.groovy:15)
	at grails.plugin.cache.web.filter.PageFragmentCachingFilter.doFilter(PageFragmentCachingFilter.java:198)
	at grails.plugin.cache.web.filter.AbstractFilter.doFilter(AbstractFilter.java:63)
	at java.util.concurrent.ThreadPoolExecutor.runWorker(ThreadPoolExecutor.java:1145)
	at java.util.concurrent.ThreadPoolExecutor$Worker.run(ThreadPoolExecutor.java:615)
	at java.lang.Thread.run(Thread.java:745)
2016-11-14 17:17:00,663 [http-bio-8080-exec-4] ERROR StackTrace  - Full Stack Trace:
org.hibernate.QueryException: could not resolve property: cantidadCreditos of: seguridad.Servicio
	at grails.orm.PagedResultList.<init>(PagedResultList.java:43)
	at seguridad.ServicioController.$tt__index(ServicioController.groovy:15)
	at grails.plugin.cache.web.filter.PageFragmentCachingFilter.doFilter(PageFragmentCachingFilter.java:198)
	at grails.plugin.cache.web.filter.AbstractFilter.doFilter(AbstractFilter.java:63)
	at java.util.concurrent.ThreadPoolExecutor.runWorker(ThreadPoolExecutor.java:1145)
	at java.util.concurrent.ThreadPoolExecutor$Worker.run(ThreadPoolExecutor.java:615)
	at java.lang.Thread.run(Thread.java:745)
2016-11-14 17:17:00,663 [http-bio-8080-exec-4] ERROR StackTrace  - Full Stack Trace:
org.hibernate.QueryException: could not resolve property: cantidadCreditos of: seguridad.Servicio
	at grails.orm.PagedResultList.<init>(PagedResultList.java:43)
	at seguridad.ServicioController.$tt__index(ServicioController.groovy:15)
	at grails.plugin.cache.web.filter.PageFragmentCachingFilter.doFilter(PageFragmentCachingFilter.java:198)
	at grails.plugin.cache.web.filter.AbstractFilter.doFilter(AbstractFilter.java:63)
	at java.util.concurrent.ThreadPoolExecutor.runWorker(ThreadPoolExecutor.java:1145)
	at java.util.concurrent.ThreadPoolExecutor$Worker.run(ThreadPoolExecutor.java:615)
	at java.lang.Thread.run(Thread.java:745)
2016-11-14 17:17:00,664 [http-bio-8080-exec-4] ERROR StackTrace  - Full Stack Trace:
org.hibernate.QueryException: could not resolve property: cantidadCreditos of: seguridad.Servicio
	at grails.orm.PagedResultList.<init>(PagedResultList.java:43)
	at seguridad.ServicioController.$tt__index(ServicioController.groovy:15)
	at grails.plugin.cache.web.filter.PageFragmentCachingFilter.doFilter(PageFragmentCachingFilter.java:198)
	at grails.plugin.cache.web.filter.AbstractFilter.doFilter(AbstractFilter.java:63)
	at java.util.concurrent.ThreadPoolExecutor.runWorker(ThreadPoolExecutor.java:1145)
	at java.util.concurrent.ThreadPoolExecutor$Worker.run(ThreadPoolExecutor.java:615)
	at java.lang.Thread.run(Thread.java:745)
2016-11-14 17:17:00,664 [http-bio-8080-exec-4] ERROR StackTrace  - Full Stack Trace:
org.hibernate.QueryException: could not resolve property: cantidadCreditos of: seguridad.Servicio
	at grails.orm.PagedResultList.<init>(PagedResultList.java:43)
	at seguridad.ServicioController.$tt__index(ServicioController.groovy:15)
	at grails.plugin.cache.web.filter.PageFragmentCachingFilter.doFilter(PageFragmentCachingFilter.java:198)
	at grails.plugin.cache.web.filter.AbstractFilter.doFilter(AbstractFilter.java:63)
	at java.util.concurrent.ThreadPoolExecutor.runWorker(ThreadPoolExecutor.java:1145)
	at java.util.concurrent.ThreadPoolExecutor$Worker.run(ThreadPoolExecutor.java:615)
	at java.lang.Thread.run(Thread.java:745)
